<?xml version="1.0" encoding="UTF-8"?>
<testng-results ignored="0" total="1" passed="1" failed="0" skipped="0">
  <reporter-output>
  </reporter-output>
  <suite started-at="2023-05-19T13:21:16 IST" name="Default suite" finished-at="2023-05-19T13:21:16 IST" duration-ms="53">
    <groups>
    </groups>
    <test started-at="2023-05-19T13:21:16 IST" name="Default test" finished-at="2023-05-19T13:21:16 IST" duration-ms="53">
      <class name="Streams.StreamsEx1">
        <test-method is-config="true" signature="CreateArrayList()[pri:0, instance:Streams.StreamsEx1@1a4013]" started-at="2023-05-19T13:21:16 IST" name="CreateArrayList" finished-at="2023-05-19T13:21:16 IST" duration-ms="10" status="PASS">
          <reporter-output>
          </reporter-output>
        </test-method> <!-- CreateArrayList -->
        <test-method signature="ArrayProblem()[pri:0, instance:Streams.StreamsEx1@1a4013]" started-at="2023-05-19T13:21:16 IST" name="ArrayProblem" finished-at="2023-05-19T13:21:16 IST" duration-ms="9" status="PASS">
          <reporter-output>
          </reporter-output>
        </test-method> <!-- ArrayProblem -->
      </class> <!-- Streams.StreamsEx1 -->
    </test> <!-- Default test -->
  </suite> <!-- Default suite -->
</testng-results>
